<?xml version="1.0" encoding="UTF-8"?>
<!-- Generated by org.testng.reporters.JUnitXMLReporter -->
<testsuite hostname="EILS56310BWP8TT" ignored="0" name="WCSQueryInterfaceTestCase" tests="3" failures="0" timestamp="08 一月 2019 05:28:39 GMT" time="6.553" errors="0">
  <testcase name="add" time="5.844" classname="test.JSONTest"/>
  <testcase name="add" time="0.019" classname="test.JSONTest"/>
  <testcase name="add" time="0.012" classname="test.JSONTest"/>
</testsuite> <!-- WCSQueryInterfaceTestCase -->
