<?xml version="1.0" encoding="UTF-8"?>
<!-- Generated by org.testng.reporters.JUnitXMLReporter -->
<testsuite hostname="EILS56310BWP8TT" ignored="0" name="WCSQueryInterfaceTestCase" tests="5" failures="0" timestamp="05 十二月 2018 11:18:19 GMT" time="1.251" errors="0">
  <testcase name="queryTestSctrip" time="0.547" classname="test.WCSQueryInterfaceTestCase"/>
  <testcase name="queryTestSctrip" time="0.026" classname="test.WCSQueryInterfaceTestCase"/>
  <testcase name="queryTestSctrip" time="0.023" classname="test.WCSQueryInterfaceTestCase"/>
  <testcase name="queryTestSctrip" time="0.014" classname="test.WCSQueryInterfaceTestCase"/>
  <testcase name="queryTestSctrip" time="0.013" classname="test.WCSQueryInterfaceTestCase"/>
</testsuite> <!-- WCSQueryInterfaceTestCase -->
