<?xml version="1.0" encoding="UTF-8"?>
<!-- Generated by org.testng.reporters.JUnitXMLReporter -->
<testsuite hostname="EILS56310BWP8TT" ignored="0" name="QuicktronTestDemo" tests="5" failures="0" timestamp="05 十二月 2018 10:28:12 GMT" time="1.301" errors="0">
  <testcase name="queryTestSctrip" time="0.531" classname="test.WCSQueryInterfaceTestCase"/>
  <testcase name="queryTestSctrip" time="0.023" classname="test.WCSQueryInterfaceTestCase"/>
  <testcase name="queryTestSctrip" time="0.027" classname="test.WCSQueryInterfaceTestCase"/>
  <testcase name="queryTestSctrip" time="0.029" classname="test.WCSQueryInterfaceTestCase"/>
  <testcase name="queryTestSctrip" time="0.017" classname="test.WCSQueryInterfaceTestCase"/>
</testsuite> <!-- QuicktronTestDemo -->
