<?xml version="1.0" encoding="UTF-8"?>
<!-- Generated by org.testng.reporters.JUnitXMLReporter -->
<testsuite hostname="EILS56310BWP8TT" ignored="0" name="QuicktronTestDemo" tests="2" failures="2" timestamp="27 十一月 2018 07:21:34 GMT" time="2.282" errors="0">
  <testcase name="interfaceTest" time="1.581" classname="test.InterfaceTestDemo">
    <failure type="java.lang.NullPointerException">
      <![CDATA[java.lang.NullPointerException
at java.util.regex.Matcher.getTextLength(Matcher.java:1283)
at java.util.regex.Matcher.reset(Matcher.java:309)
at java.util.regex.Matcher.<init>(Matcher.java:229)
at java.util.regex.Pattern.matcher(Pattern.java:1093)
at data.ResultData.getResultData(ResultData.java:14)
at test.InterfaceTestDemo.interfaceTest(InterfaceTestDemo.java:47)
at java.util.concurrent.ThreadPoolExecutor.runWorker(ThreadPoolExecutor.java:1142)
at java.util.concurrent.ThreadPoolExecutor$Worker.run(ThreadPoolExecutor.java:617)
at java.lang.Thread.run(Thread.java:748)
... Removed 18 stack frames]]>
    </failure>
  </testcase> <!-- interfaceTest -->
  <testcase name="interfaceTest" time="0.003" classname="test.InterfaceTestDemo">
    <failure type="java.lang.NullPointerException">
      <![CDATA[java.lang.NullPointerException
at java.lang.String.replace(String.java:2240)
at data.ResultData.replaceResultData(ResultData.java:32)
at test.InterfaceTestDemo.interfaceTest(InterfaceTestDemo.java:42)
at java.util.concurrent.ThreadPoolExecutor.runWorker(ThreadPoolExecutor.java:1142)
at java.util.concurrent.ThreadPoolExecutor$Worker.run(ThreadPoolExecutor.java:617)
at java.lang.Thread.run(Thread.java:748)
... Removed 18 stack frames]]>
    </failure>
  </testcase> <!-- interfaceTest -->
</testsuite> <!-- QuicktronTestDemo -->
