<?xml version="1.0" encoding="UTF-8"?>
<!-- Generated by org.testng.reporters.JUnitXMLReporter -->
<testsuite hostname="EILS56310BWP8TT" ignored="0" name="WCSQueryInterfaceTestCase" tests="5" failures="0" timestamp="05 十二月 2018 10:32:21 GMT" time="1.344" errors="0">
  <testcase name="queryTestSctrip" time="0.549" classname="test.WCSQueryInterfaceTestCase"/>
  <testcase name="queryTestSctrip" time="0.014" classname="test.WCSQueryInterfaceTestCase"/>
  <testcase name="queryTestSctrip" time="0.016" classname="test.WCSQueryInterfaceTestCase"/>
  <testcase name="queryTestSctrip" time="0.017" classname="test.WCSQueryInterfaceTestCase"/>
  <testcase name="queryTestSctrip" time="0.019" classname="test.WCSQueryInterfaceTestCase"/>
</testsuite> <!-- WCSQueryInterfaceTestCase -->
