<?xml version="1.0" encoding="UTF-8"?>
<testng-results skipped="0" failed="0" ignored="0" total="2" passed="2">
  <reporter-output>
  </reporter-output>
  <suite name="InterfaceTest" duration-ms="1289" started-at="2018-11-13T10:35:00Z" finished-at="2018-11-13T10:35:01Z">
    <groups>
    </groups>
    <test name="QuicktronTestDemo" duration-ms="1289" started-at="2018-11-13T10:35:00Z" finished-at="2018-11-13T10:35:01Z">
      <class name="test.UtilsMethodTest">
        <test-method status="PASS" signature="testTimeUtils()[pri:0, instance:test.UtilsMethodTest@1593948d]" name="testTimeUtils" is-config="true" duration-ms="17" started-at="2018-11-13T10:35:00Z" finished-at="2018-11-13T10:35:00Z">
          <reporter-output>
          </reporter-output>
        </test-method> <!-- testTimeUtils -->
        <test-method status="PASS" signature="testJDBCUtils()[pri:0, instance:test.UtilsMethodTest@1593948d]" name="testJDBCUtils" duration-ms="336" started-at="2018-11-13T10:35:00Z" finished-at="2018-11-13T10:35:00Z">
          <reporter-output>
          </reporter-output>
        </test-method> <!-- testJDBCUtils -->
        <test-method status="PASS" signature="testJsonUtils()[pri:0, instance:test.UtilsMethodTest@1593948d]" name="testJsonUtils" duration-ms="83" started-at="2018-11-13T10:35:00Z" finished-at="2018-11-13T10:35:00Z">
          <reporter-output>
          </reporter-output>
        </test-method> <!-- testJsonUtils -->
        <test-method status="PASS" signature="testHttpUtils()[pri:0, instance:test.UtilsMethodTest@1593948d]" name="testHttpUtils" is-config="true" duration-ms="834" started-at="2018-11-13T10:35:00Z" finished-at="2018-11-13T10:35:01Z">
          <reporter-output>
          </reporter-output>
        </test-method> <!-- testHttpUtils -->
      </class> <!-- test.UtilsMethodTest -->
    </test> <!-- QuicktronTestDemo -->
  </suite> <!-- InterfaceTest -->
</testng-results>
