<?xml version="1.0" encoding="UTF-8"?>
<testsuite xmlns:xsi="http://www.w3.org/2001/XMLSchema-instance" xsi:schemaLocation="https://maven.apache.org/surefire/maven-surefire-plugin/xsd/surefire-test-report.xsd" name="TestSuite" time="2.857" tests="9" errors="0" skipped="0" failures="0">
  <properties>
[...]
</properties>
  <testcase name="queryTestSctrip" classname="test.WCSQueryInterfaceErrorTestCase" time="0.637"/>
  <testcase name="queryTestSctrip" classname="test.WCSQueryInterfaceErrorTestCase" time="0.014"/>
  <testcase name="queryTestSctrip" classname="test.WCSQueryInterfaceErrorTestCase" time="0.002"/>
  <testcase name="queryTestSctrip" classname="test.WCSQueryInterfaceErrorTestCase" time="0.014"/>
  <testcase name="queryTestSctrip" classname="test.WCSQueryInterfaceTestCase" time="0.02"/>
  <testcase name="queryTestSctrip" classname="test.WCSQueryInterfaceTestCase" time="0.03"/>
  <testcase name="queryTestSctrip" classname="test.WCSQueryInterfaceTestCase" time="0.025"/>
  <testcase name="queryTestSctrip" classname="test.WCSQueryInterfaceTestCase" time="0.015"/>
  <testcase name="queryTestSctrip" classname="test.WCSQueryInterfaceTestCase" time="0.042"/>
</testsuite>