<?xml version="1.0" encoding="UTF-8"?>
<testng-results skipped="0" failed="0" ignored="0" total="9" passed="9">
  <reporter-output>
  </reporter-output>
  <suite name="InterfaceErrorTestSuite" duration-ms="1401" started-at="2018-12-06T06:03:13Z" finished-at="2018-12-06T06:03:15Z">
    <groups>
    </groups>
    <test name="WCSQueryInterfaceErrorTestCase" duration-ms="1401" started-at="2018-12-06T06:03:13Z" finished-at="2018-12-06T06:03:15Z">
      <class name="test.WCSQueryInterfaceErrorTestCase">
        <test-method status="PASS" signature="queryTestSctrip(java.util.Map)[pri:0, instance:test.WCSQueryInterfaceErrorTestCase@71318ec4]" name="queryTestSctrip" duration-ms="617" started-at="2018-12-06T06:03:14Z" data-provider="queryTestCase" finished-at="2018-12-06T06:03:15Z">
          <params>
            <param index="0">
              <value>
                <![CDATA[{apiCaseName=case2, apiUrl=http://192.168.21.188:8080/wcs/bucket/query, apiData={
 "warehouseId": "60001",
 "warehouseArea": "",
 "bucketCode": ""
}, getResult=, Expectation={"receiveState":"failure","message":"WMS-ERR-03:货架编号格式不合法","warehouseId":"60001","warehouseArea":"","bucketCode":"","bucketState":"null","stopPoint":"null","robotJobId":"null","robotJobStatus":"null"}, apiProtocol=Http, apiType=Post, apiHead=application/json}]]>
              </value>
            </param>
          </params>
          <reporter-output>
          </reporter-output>
        </test-method> <!-- queryTestSctrip -->
        <test-method status="PASS" signature="queryTestSctrip(java.util.Map)[pri:0, instance:test.WCSQueryInterfaceErrorTestCase@71318ec4]" name="queryTestSctrip" duration-ms="16" started-at="2018-12-06T06:03:15Z" data-provider="queryTestCase" finished-at="2018-12-06T06:03:15Z">
          <params>
            <param index="0">
              <value>
                <![CDATA[{apiCaseName=case3, apiUrl=http://192.168.21.188:8080/wcs/bucket/query, apiData={
 "warehouseId": "60001",
 "warehouseArea": "",
 "bucketCode": "s*s"
}, getResult=, Expectation=, apiProtocol=Http, apiType=Post, apiHead=application/json}]]>
              </value>
            </param>
          </params>
          <reporter-output>
          </reporter-output>
        </test-method> <!-- queryTestSctrip -->
        <test-method status="PASS" signature="queryTestSctrip(java.util.Map)[pri:0, instance:test.WCSQueryInterfaceErrorTestCase@71318ec4]" name="queryTestSctrip" duration-ms="13" started-at="2018-12-06T06:03:15Z" data-provider="queryTestCase" finished-at="2018-12-06T06:03:15Z">
          <params>
            <param index="0">
              <value>
                <![CDATA[{apiCaseName=case4, apiUrl=http://192.168.21.188:8080/wcs/bucket/query, apiData={
 "warehouseId": "60001",
 "warehouseArea": "",
 "bucketCode": "111111111111111111111111111111111111111111111111111"
}, getResult=, Expectation={"receiveState":"failure","message":"WMS-ERR-03:货架编号格式不合法","warehouseId":"60001","warehouseArea":"","bucketCode":"111111111111111111111111111111111111111111111111111","bucketState":"null","stopPoint":"null","robotJobId":"null","robotJobStatus":"null"}, apiProtocol=Http, apiType=Post, apiHead=application/json}]]>
              </value>
            </param>
          </params>
          <reporter-output>
          </reporter-output>
        </test-method> <!-- queryTestSctrip -->
        <test-method status="PASS" signature="queryTestSctrip(java.util.Map)[pri:0, instance:test.WCSQueryInterfaceErrorTestCase@71318ec4]" name="queryTestSctrip" duration-ms="11" started-at="2018-12-06T06:03:15Z" data-provider="queryTestCase" finished-at="2018-12-06T06:03:15Z">
          <params>
            <param index="0">
              <value>
                <![CDATA[{apiCaseName=case5, apiUrl=http://192.168.21.188:8080/wcs/bucket/query, apiData={
 "warehouseId": "",
 "warehouseArea": "",
 "bucketCode": "1003"
}, getResult=, Expectation={"receiveState":"failure","message":"WMS-ERR-02:仓库编号格式不合法","warehouseId":"null","warehouseArea":"","bucketCode":"1003","bucketState":"null","stopPoint":"null","robotJobId":"null","robotJobStatus":"null"}, apiProtocol=Http, apiType=Post, apiHead=application/json}]]>
              </value>
            </param>
          </params>
          <reporter-output>
          </reporter-output>
        </test-method> <!-- queryTestSctrip -->
      </class> <!-- test.WCSQueryInterfaceErrorTestCase -->
    </test> <!-- WCSQueryInterfaceErrorTestCase -->
  </suite> <!-- InterfaceErrorTestSuite -->
  <suite name="InterfaceTestSuite" duration-ms="1414" started-at="2018-12-06T06:03:13Z" finished-at="2018-12-06T06:03:15Z">
    <groups>
    </groups>
    <test name="WCSQueryInterfaceTestCase" duration-ms="1414" started-at="2018-12-06T06:03:13Z" finished-at="2018-12-06T06:03:15Z">
      <class name="test.WCSQueryInterfaceTestCase">
        <test-method status="PASS" signature="queryTestSctrip(java.util.Map)[pri:0, instance:test.WCSQueryInterfaceTestCase@6e06451e]" name="queryTestSctrip" duration-ms="617" started-at="2018-12-06T06:03:14Z" data-provider="queryTestCase" finished-at="2018-12-06T06:03:15Z">
          <params>
            <param index="0">
              <value>
                <![CDATA[{apiCaseName=case1, apiUrl=http://192.168.21.188:8080/wcs/bucket/query, apiData={
 "warehouseId": "60001",
 "warehouseArea": "",
 "bucketCode": "1003"
}, getResult=, Expectation={"receiveState":"success","message":"WMS-SUCCESS:成功","warehouseId":"60001","warehouseArea":"null","bucketCode":"1003","bucketState":"null","stopPoint":"null","robotJobId":"null","robotJobStatus":"null"}, apiProtocol=Http, apiType=Post, apiHead=application/json}]]>
              </value>
            </param>
          </params>
          <reporter-output>
          </reporter-output>
        </test-method> <!-- queryTestSctrip -->
        <test-method status="PASS" signature="queryTestSctrip(java.util.Map)[pri:0, instance:test.WCSQueryInterfaceTestCase@6e06451e]" name="queryTestSctrip" duration-ms="13" started-at="2018-12-06T06:03:15Z" data-provider="queryTestCase" finished-at="2018-12-06T06:03:15Z">
          <params>
            <param index="0">
              <value>
                <![CDATA[{apiCaseName=case6, apiUrl=http://192.168.21.188:8080/wcs/bucket/query, apiData={
 "warehouseId": "s*s",
 "warehouseArea": "",
 "bucketCode": "1003"
}, getResult=, Expectation=, apiProtocol=Http, apiType=Post, apiHead=application/json}]]>
              </value>
            </param>
          </params>
          <reporter-output>
          </reporter-output>
        </test-method> <!-- queryTestSctrip -->
        <test-method status="PASS" signature="queryTestSctrip(java.util.Map)[pri:0, instance:test.WCSQueryInterfaceTestCase@6e06451e]" name="queryTestSctrip" duration-ms="14" started-at="2018-12-06T06:03:15Z" data-provider="queryTestCase" finished-at="2018-12-06T06:03:15Z">
          <params>
            <param index="0">
              <value>
                <![CDATA[{apiCaseName=case7, apiUrl=http://192.168.21.188:8080/wcs/bucket/query, apiData={
 "warehouseId": "1000",
 "warehouseArea": "",
 "bucketCode": "1003"
}, getResult=, Expectation={"receiveState":"failure","message":"WMS-ERR-41:仓库编号不存在","warehouseId":"1000","warehouseArea":"","bucketCode":"1003","bucketState":"null","stopPoint":"null","robotJobId":"null","robotJobStatus":"null"}, apiProtocol=Http, apiType=Post, apiHead=application/json}]]>
              </value>
            </param>
          </params>
          <reporter-output>
          </reporter-output>
        </test-method> <!-- queryTestSctrip -->
        <test-method status="PASS" signature="queryTestSctrip(java.util.Map)[pri:0, instance:test.WCSQueryInterfaceTestCase@6e06451e]" name="queryTestSctrip" duration-ms="11" started-at="2018-12-06T06:03:15Z" data-provider="queryTestCase" finished-at="2018-12-06T06:03:15Z">
          <params>
            <param index="0">
              <value>
                <![CDATA[{apiCaseName=case8, apiUrl=http://192.168.21.188:8080/wcs/bucket/query, apiData={
 "warehouseId": "60001",
 "warehouseArea": "sss",
 "bucketCode": "1003"
}, getResult=, Expectation=, apiProtocol=Http, apiType=Post, apiHead=application/json}]]>
              </value>
            </param>
          </params>
          <reporter-output>
          </reporter-output>
        </test-method> <!-- queryTestSctrip -->
        <test-method status="PASS" signature="queryTestSctrip(java.util.Map)[pri:0, instance:test.WCSQueryInterfaceTestCase@6e06451e]" name="queryTestSctrip" duration-ms="18" started-at="2018-12-06T06:03:15Z" data-provider="queryTestCase" finished-at="2018-12-06T06:03:15Z">
          <params>
            <param index="0">
              <value>
                <![CDATA[{apiCaseName=case9, apiUrl=http://192.168.21.188:8080/wcs/bucket/query, apiData={
 "warehouseId": "60001",
 "warehouseArea": "11111111111111111111",
 "bucketCode": "1003"
}, getResult=, Expectation=, apiProtocol=Http, apiType=Post, apiHead=application/json}]]>
              </value>
            </param>
          </params>
          <reporter-output>
          </reporter-output>
        </test-method> <!-- queryTestSctrip -->
      </class> <!-- test.WCSQueryInterfaceTestCase -->
    </test> <!-- WCSQueryInterfaceTestCase -->
  </suite> <!-- InterfaceTestSuite -->
</testng-results>
