<?xml version="1.0" encoding="UTF-8"?>
<testng-results skipped="0" failed="1" ignored="0" total="2" passed="1">
  <reporter-output>
  </reporter-output>
  <suite name="Command line suite" duration-ms="1900" started-at="2018-11-20T02:13:44Z" finished-at="2018-11-20T02:13:46Z">
    <groups>
    </groups>
    <test name="Command line test" duration-ms="1900" started-at="2018-11-20T02:13:44Z" finished-at="2018-11-20T02:13:46Z">
      <class name="test.UtilsMethodTest">
        <test-method status="PASS" signature="testTimeUtils()[pri:0, instance:test.UtilsMethodTest@5594a1b5]" name="testTimeUtils" is-config="true" duration-ms="33" started-at="2018-11-20T02:13:44Z" finished-at="2018-11-20T02:13:44Z">
          <reporter-output>
          </reporter-output>
        </test-method> <!-- testTimeUtils -->
        <test-method status="PASS" signature="testJDBCUtils()[pri:0, instance:test.UtilsMethodTest@5594a1b5]" name="testJDBCUtils" duration-ms="466" started-at="2018-11-20T02:13:44Z" finished-at="2018-11-20T02:13:45Z">
          <reporter-output>
          </reporter-output>
        </test-method> <!-- testJDBCUtils -->
        <test-method status="FAIL" signature="testJsonUtils()[pri:0, instance:test.UtilsMethodTest@5594a1b5]" name="testJsonUtils" duration-ms="105" started-at="2018-11-20T02:13:45Z" finished-at="2018-11-20T02:13:45Z">
          <exception class="java.lang.AssertionError">
            <message>
              <![CDATA[expected [0] but found [1]]]>
            </message>
            <full-stacktrace>
              <![CDATA[java.lang.AssertionError: expected [0] but found [1]
at org.testng.Assert.fail(Assert.java:96)
at org.testng.Assert.failNotEquals(Assert.java:776)
at org.testng.Assert.assertEqualsImpl(Assert.java:137)
at org.testng.Assert.assertEquals(Assert.java:118)
at org.testng.Assert.assertEquals(Assert.java:652)
at org.testng.Assert.assertEquals(Assert.java:662)
at test.UtilsMethodTest.testJsonUtils(UtilsMethodTest.java:39)
at sun.reflect.NativeMethodAccessorImpl.invoke0(Native Method)
at sun.reflect.NativeMethodAccessorImpl.invoke(NativeMethodAccessorImpl.java:62)
at sun.reflect.DelegatingMethodAccessorImpl.invoke(DelegatingMethodAccessorImpl.java:43)
at java.lang.reflect.Method.invoke(Method.java:498)
at org.testng.internal.MethodInvocationHelper.invokeMethod(MethodInvocationHelper.java:124)
at org.testng.internal.Invoker.invokeMethod(Invoker.java:583)
at org.testng.internal.Invoker.invokeTestMethod(Invoker.java:719)
at org.testng.internal.Invoker.invokeTestMethods(Invoker.java:989)
at org.testng.internal.TestMethodWorker.invokeTestMethods(TestMethodWorker.java:125)
at org.testng.internal.TestMethodWorker.run(TestMethodWorker.java:109)
at org.testng.TestRunner.privateRun(TestRunner.java:648)
at org.testng.TestRunner.run(TestRunner.java:505)
at org.testng.SuiteRunner.runTest(SuiteRunner.java:455)
at org.testng.SuiteRunner.runSequentially(SuiteRunner.java:450)
at org.testng.SuiteRunner.privateRun(SuiteRunner.java:415)
at org.testng.SuiteRunner.run(SuiteRunner.java:364)
at org.testng.SuiteRunnerWorker.runSuite(SuiteRunnerWorker.java:52)
at org.testng.SuiteRunnerWorker.run(SuiteRunnerWorker.java:84)
at org.testng.TestNG.runSuitesSequentially(TestNG.java:1208)
at org.testng.TestNG.runSuitesLocally(TestNG.java:1137)
at org.testng.TestNG.runSuites(TestNG.java:1049)
at org.testng.TestNG.run(TestNG.java:1017)
at test.UtilsMethodTest.main(UtilsMethodTest.java:51)
]]>
            </full-stacktrace>
          </exception> <!-- java.lang.AssertionError -->
          <reporter-output>
          </reporter-output>
        </test-method> <!-- testJsonUtils -->
        <test-method status="PASS" signature="testHttpUtils()[pri:0, instance:test.UtilsMethodTest@5594a1b5]" name="testHttpUtils" is-config="true" duration-ms="1268" started-at="2018-11-20T02:13:45Z" finished-at="2018-11-20T02:13:46Z">
          <reporter-output>
          </reporter-output>
        </test-method> <!-- testHttpUtils -->
      </class> <!-- test.UtilsMethodTest -->
    </test> <!-- Command line test -->
  </suite> <!-- Command line suite -->
</testng-results>
