<?xml version="1.0" encoding="UTF-8"?>
<!-- Generated by org.testng.reporters.JUnitXMLReporter -->
<testsuite hostname="EILS56310BWP8TT" ignored="0" name="WCSQueryInterfaceErrorTestCase" tests="4" failures="0" timestamp="06 十二月 2018 05:10:07 GMT" time="1.257" errors="0">
  <testcase name="queryTestSctrip" time="0.527" classname="test.WCSQueryInterfaceErrorTestCase"/>
  <testcase name="queryTestSctrip" time="0.019" classname="test.WCSQueryInterfaceErrorTestCase"/>
  <testcase name="queryTestSctrip" time="0.013" classname="test.WCSQueryInterfaceErrorTestCase"/>
  <testcase name="queryTestSctrip" time="0.01" classname="test.WCSQueryInterfaceErrorTestCase"/>
</testsuite> <!-- WCSQueryInterfaceErrorTestCase -->
