<?xml version="1.0" encoding="UTF-8"?>
<!-- Generated by org.testng.reporters.JUnitXMLReporter -->
<testsuite hostname="EILS56310BWP8TT" ignored="0" name="QuicktronTestDemo" tests="4" failures="0" timestamp="05 十二月 2018 10:28:12 GMT" time="1.268" errors="0">
  <testcase name="queryTestSctrip" time="0.532" classname="test.WCSQueryInterfaceErrorTestCase"/>
  <testcase name="queryTestSctrip" time="0.03" classname="test.WCSQueryInterfaceErrorTestCase"/>
  <testcase name="queryTestSctrip" time="0.017" classname="test.WCSQueryInterfaceErrorTestCase"/>
  <testcase name="queryTestSctrip" time="0.017" classname="test.WCSQueryInterfaceErrorTestCase"/>
</testsuite> <!-- QuicktronTestDemo -->
